0 info it worked if it ends with ok
1 verbose cli [ 'C:\\Program Files\\nodejs\\node.exe',
1 verbose cli   'C:\\Program Files\\nodejs\\node_modules\\npm\\bin\\npm-cli.js',
1 verbose cli   'version',
1 verbose cli   'patch' ]
2 info using npm@2.14.7
3 info using node@v4.2.1
4 info git [ 'status', '--porcelain' ]
5 verbose stack Error: Git working directory not clean.
5 verbose stack D honey-1.0.jquery.js
5 verbose stack D honey-1.0.jquery.min.js
5 verbose stack D honey-1.0.js
5 verbose stack D honey-1.0.min.js
5 verbose stack M tests/index.html
5 verbose stack M tests/jquery-plugin.html
5 verbose stack     at C:\Program Files\nodejs\node_modules\npm\lib\version.js:171:21
5 verbose stack     at ChildProcess.exithandler (child_process.js:194:7)
5 verbose stack     at emitTwo (events.js:87:13)
5 verbose stack     at ChildProcess.emit (events.js:172:7)
5 verbose stack     at maybeClose (internal/child_process.js:818:16)
5 verbose stack     at Process.ChildProcess._handle.onexit (internal/child_process.js:211:5)
6 verbose cwd D:\Repo\honeyjs
7 error Windows_NT 6.1.7601
8 error argv "C:\\Program Files\\nodejs\\node.exe" "C:\\Program Files\\nodejs\\node_modules\\npm\\bin\\npm-cli.js" "version" "patch"
9 error node v4.2.1
10 error npm  v2.14.7
11 error Git working directory not clean.
11 error D honey-1.0.jquery.js
11 error D honey-1.0.jquery.min.js
11 error D honey-1.0.js
11 error D honey-1.0.min.js
11 error M tests/index.html
11 error M tests/jquery-plugin.html
12 error If you need help, you may report this error at:
12 error     <https://github.com/npm/npm/issues>
13 verbose exit [ 1, true ]
